<?xml version="1.0" encoding="UTF-8"?>
<!-- Generated by org.testng.reporters.JUnitXMLReporter -->
<testsuite hostname="MLIVE-LP00960" name="Change Password Test" tests="1" failures="1" timestamp="10 Apr 2019 19:38:26 GMT" time="43.135" errors="0">
  <testcase name="changePasswdTest" time="42.356" classname="com.qtpselenium.facebook.pom.testcases.ChangePasswordTest">
    <failure type="java.lang.AssertionError" message="Could not Login">
      <![CDATA[java.lang.AssertionError: Could not Login
	at com.qtpselenium.facebook.pom.base.BaseTest.reportFailure(BaseTest.java:88)
	at com.qtpselenium.facebook.pom.testcases.ChangePasswordTest.changePasswdTest(ChangePasswordTest.java:40)
	at java.util.concurrent.FutureTask.run(FutureTask.java:266)
	at java.util.concurrent.ThreadPoolExecutor.runWorker(ThreadPoolExecutor.java:1149)
	at java.util.concurrent.ThreadPoolExecutor$Worker.run(ThreadPoolExecutor.java:624)
	at java.lang.Thread.run(Thread.java:748)
... Removed 17 stack frames]]>
    </failure>
  </testcase> <!-- changePasswdTest -->
</testsuite> <!-- Change Password Test -->
